<?xml version="1.0" encoding="UTF-8"?>
<!-- Generated by org.testng.reporters.JUnitXMLReporter -->
<testsuite ignored="2" hostname="DESKTOP-SBA9KVG" failures="0" tests="1" name="Default test" time="44.864" errors="0" timestamp="2022-07-18T21:59:53 IST">
  <testcase classname="test.TestBatches" name="TestBatch1" time="43.671"/>
  <testcase classname="test.TestBatches" name="TestBatch2" time="0.0">
    <ignored/>
  </testcase> <!-- TestBatch2 -->
  <testcase classname="test.TestBatches" name="TestBatch3" time="0.0">
    <ignored/>
  </testcase> <!-- TestBatch3 -->
</testsuite> <!-- Default test -->
