<?xml version="1.0" encoding="UTF-8"?>
<testng-results ignored="2" total="3" passed="1" failed="0" skipped="0">
  <reporter-output>
  </reporter-output>
  <suite started-at="2022-07-18T21:59:08 IST" name="Default suite" finished-at="2022-07-18T21:59:53 IST" duration-ms="44864">
    <groups>
    </groups>
    <test started-at="2022-07-18T21:59:08 IST" name="Default test" finished-at="2022-07-18T21:59:53 IST" duration-ms="44864">
      <class name="test.TestBatches">
        <test-method signature="TestBatch1()[pri:0, instance:test.TestBatches@21c7208d]" started-at="2022-07-18T21:59:08 IST" name="TestBatch1" finished-at="2022-07-18T21:59:52 IST" duration-ms="43671" status="PASS">
          <reporter-output>
          </reporter-output>
        </test-method> <!-- TestBatch1 -->
        <test-method is-config="true" signature="quitm()[pri:0, instance:test.TestBatches@21c7208d]" started-at="2022-07-18T21:59:52 IST" name="quitm" finished-at="2022-07-18T21:59:53 IST" duration-ms="1086" status="PASS">
          <reporter-output>
          </reporter-output>
        </test-method> <!-- quitm -->
      </class> <!-- test.TestBatches -->
    </test> <!-- Default test -->
  </suite> <!-- Default suite -->
</testng-results>
