<?xml version="1.0" encoding="UTF-8"?>
<!-- Generated by org.testng.reporters.JUnitXMLReporter -->
<testsuite ignored="0" hostname="DESKTOP-SBA9KVG" failures="0" tests="3" name="Test2" time="151.157" errors="0" timestamp="2022-07-12T23:46:20 IST">
  <testcase classname="test.TestBatches" name="TestBatch1" time="51.172"/>
  <testcase classname="test.TestBatches" name="TestBatch2" time="27.073"/>
  <testcase classname="test.TestBatches" name="TestBatch3" time="49.243"/>
</testsuite> <!-- Test2 -->
